app/manifest-merger-release-report.txt
-- Merging decision tree log ---
manifest
ADDED from AndroidManifest.xml:1:1
	xmlns:android
		ADDED from AndroidManifest.xml:1:11
	package
		ADDED from AndroidManifest.xml:2:5
		INJECTED from AndroidManifest.xml:0:0
		INJECTED from AndroidManifest.xml:0:0
	android:versionName
		INJECTED from AndroidManifest.xml:0:0
		INJECTED from AndroidManifest.xml:0:0
	android:versionCode
		INJECTED from AndroidManifest.xml:0:0
		INJECTED from AndroidManifest.xml:0:0
uses-permission#android.permission.VIBRATE
ADDED from AndroidManifest.xml:3:5
	android:name
		ADDED from AndroidManifest.xml:3:22
application
ADDED from AndroidManifest.xml:5:5
MERGED from com.android.support:appcompat-v7:21.0.3:16:5
MERGED from com.android.support:support-v4:21.0.3:16:5
	android:label
		ADDED from AndroidManifest.xml:5:45
	android:allowBackup
		ADDED from AndroidManifest.xml:5:18
	android:icon
		ADDED from AndroidManifest.xml:5:78
service#eu.krtkovo.simtelephwkeyboard.SimpleIME
ADDED from AndroidManifest.xml:7:9
	android:label
		ADDED from AndroidManifest.xml:8:13
	android:permission
		ADDED from AndroidManifest.xml:9:13
	android:name
		ADDED from AndroidManifest.xml:7:18
meta-data#android.view.im
ADDED from AndroidManifest.xml:11:13
	android:resource
		ADDED from AndroidManifest.xml:11:55
	android:name
		ADDED from AndroidManifest.xml:11:24
intent-filter#android.view.InputMethod
ADDED from AndroidManifest.xml:12:13
action#android.view.InputMethod
ADDED from AndroidManifest.xml:13:17
	android:name
		ADDED from AndroidManifest.xml:13:25
uses-sdk
INJECTED from AndroidManifest.xml:0:0 reason: use-sdk injection requested
MERGED from com.android.support:appcompat-v7:21.0.3:15:5
MERGED from com.android.support:support-v4:21.0.3:15:5
	android:targetSdkVersion
		INJECTED from AndroidManifest.xml:0:0
		INJECTED from AndroidManifest.xml:0:0
	android:minSdkVersion
		INJECTED from AndroidManifest.xml:0:0
		INJECTED from AndroidManifest.xml:0:0